# JRE version: OpenJDK Runtime Environment (7.0_121) (build 1.7.0_121-b00)
# Java VM: OpenJDK 64-Bit Server VM (24.121-b00 mixed mode linux-amd64 compressed oops)
Heap
 def new generation   total 12480K, used 5870K [0x00000000d6800000, 0x00000000d7580000, 0x00000000e0e00000)
  eden space 11136K,  44% used [0x00000000d6800000, 0x00000000d6ccf290, 0x00000000d72e0000)
  from space 1344K,  70% used [0x00000000d72e0000, 0x00000000d73cc780, 0x00000000d7430000)
  to   space 1344K,   0% used [0x00000000d7430000, 0x00000000d7430000, 0x00000000d7580000)
 tenured generation   total 27596K, used 19066K [0x00000000e0e00000, 0x00000000e28f3000, 0x00000000f5a00000)
   the space 27596K,  69% used [0x00000000e0e00000, 0x00000000e209eba0, 0x00000000e209ec00, 0x00000000e28f3000)
 compacting perm gen  total 24320K, used 24319K [0x00000000f5a00000, 0x00000000f71c0000, 0x0000000100000000)
   the space 24320K,  99% used [0x00000000f5a00000, 0x00000000f71bffc8, 0x00000000f71c0000, 0x00000000f71c0000)
GC Heap History (10 events):
Event: 7.511 GC heap before
{Heap before GC invocations=89 (full 2):
 def new generation   total 8064K, used 7996K [0x00000000d6800000, 0x00000000d70b0000, 0x00000000e0e00000)
  eden space 7232K, 100% used [0x00000000d6800000, 0x00000000d6f10000, 0x00000000d6f10000)
  from space 832K,  91% used [0x00000000d6fe0000, 0x00000000d709f1f8, 0x00000000d70b0000)
  to   space 832K,   0% used [0x00000000d6f10000, 0x00000000d6f10000, 0x00000000d6fe0000)
 tenured generation   total 17700K, used 17028K [0x00000000e0e00000, 0x00000000e1f49000, 0x00000000f5a00000)
   the space 17700K,  96% used [0x00000000e0e00000, 0x00000000e1ea1010, 0x00000000e1ea1200, 0x00000000e1f49000)
 compacting perm gen  total 23808K, used 23618K [0x00000000f5a00000, 0x00000000f7140000, 0x0000000100000000)
   the space 23808K,  99% used [0x00000000f5a00000, 0x00000000f7110ba8, 0x00000000f7110c00, 0x00000000f7140000)
No shared spaces configured.
Event: 7.645 GC heap after
Heap after GC invocations=90 (full 3):
 def new generation   total 12480K, used 0K [0x00000000d6800000, 0x00000000d7580000, 0x00000000e0e00000)
  eden space 11136K,   0% used [0x00000000d6800000, 0x00000000d6800000, 0x00000000d72e0000)
  from space 1344K,   0% used [0x00000000d72e0000, 0x00000000d72e0000, 0x00000000d7430000)
  to   space 1344K,   0% used [0x00000000d7430000, 0x00000000d7430000, 0x00000000d7580000)
 tenured generation   total 27596K, used 16556K [0x00000000e0e00000, 0x00000000e28f3000, 0x00000000f5a00000)
   the space 27596K,  59% used [0x00000000e0e00000, 0x00000000e1e2b2e8, 0x00000000e1e2b400, 0x00000000e28f3000)
 compacting perm gen  total 23680K, used 23618K [0x00000000f5a00000, 0x00000000f7120000, 0x0000000100000000)
   the space 23680K,  99% used [0x00000000f5a00000, 0x00000000f7110ba8, 0x00000000f7110c00, 0x00000000f7120000)
No shared spaces configured.
}
Event: 7.863 GC heap before
{Heap before GC invocations=90 (full 3):
 def new generation   total 12480K, used 11136K [0x00000000d6800000, 0x00000000d7580000, 0x00000000e0e00000)
  eden space 11136K, 100% used [0x00000000d6800000, 0x00000000d72e0000, 0x00000000d72e0000)
  from space 1344K,   0% used [0x00000000d72e0000, 0x00000000d72e0000, 0x00000000d7430000)
  to   space 1344K,   0% used [0x00000000d7430000, 0x00000000d7430000, 0x00000000d7580000)
 tenured generation   total 27596K, used 16556K [0x00000000e0e00000, 0x00000000e28f3000, 0x00000000f5a00000)
   the space 27596K,  59% used [0x00000000e0e00000, 0x00000000e1e2b2e8, 0x00000000e1e2b400, 0x00000000e28f3000)
 compacting perm gen  total 24000K, used 23893K [0x00000000f5a00000, 0x00000000f7170000, 0x0000000100000000)
   the space 24000K,  99% used [0x00000000f5a00000, 0x00000000f71556d0, 0x00000000f7155800, 0x00000000f7170000)
No shared spaces configured.
Event: 7.867 GC heap after
Heap after GC invocations=91 (full 3):
 def new generation   total 12480K, used 1049K [0x00000000d6800000, 0x00000000d7580000, 0x00000000e0e00000)
  eden space 11136K,   0% used [0x00000000d6800000, 0x00000000d6800000, 0x00000000d72e0000)
  from space 1344K,  78% used [0x00000000d7430000, 0x00000000d7536438, 0x00000000d7580000)
  to   space 1344K,   0% used [0x00000000d72e0000, 0x00000000d72e0000, 0x00000000d7430000)
 tenured generation   total 27596K, used 16556K [0x00000000e0e00000, 0x00000000e28f3000, 0x00000000f5a00000)
   the space 27596K,  59% used [0x00000000e0e00000, 0x00000000e1e2b2e8, 0x00000000e1e2b400, 0x00000000e28f3000)
 compacting perm gen  total 24000K, used 23893K [0x00000000f5a00000, 0x00000000f7170000, 0x0000000100000000)
   the space 24000K,  99% used [0x00000000f5a00000, 0x00000000f71556d0, 0x00000000f7155800, 0x00000000f7170000)
No shared spaces configured.
}
Event: 8.145 GC heap before
{Heap before GC invocations=91 (full 3):
 def new generation   total 12480K, used 12185K [0x00000000d6800000, 0x00000000d7580000, 0x00000000e0e00000)
  eden space 11136K, 100% used [0x00000000d6800000, 0x00000000d72e0000, 0x00000000d72e0000)
  from space 1344K,  78% used [0x00000000d7430000, 0x00000000d7536438, 0x00000000d7580000)
  to   space 1344K,   0% used [0x00000000d72e0000, 0x00000000d72e0000, 0x00000000d7430000)
 tenured generation   total 27596K, used 16556K [0x00000000e0e00000, 0x00000000e28f3000, 0x00000000f5a00000)
   the space 27596K,  59% used [0x00000000e0e00000, 0x00000000e1e2b2e8, 0x00000000e1e2b400, 0x00000000e28f3000)
 compacting perm gen  total 24000K, used 23993K [0x00000000f5a00000, 0x00000000f7170000, 0x0000000100000000)
   the space 24000K,  99% used [0x00000000f5a00000, 0x00000000f716e7e0, 0x00000000f716e800, 0x00000000f7170000)
No shared spaces configured.
Event: 8.163 GC heap after
Heap after GC invocations=92 (full 3):
 def new generation   total 12480K, used 944K [0x00000000d6800000, 0x00000000d7580000, 0x00000000e0e00000)
  eden space 11136K,   0% used [0x00000000d6800000, 0x00000000d6800000, 0x00000000d72e0000)
  from space 1344K,  70% used [0x00000000d72e0000, 0x00000000d73cc168, 0x00000000d7430000)
  to   space 1344K,   0% used [0x00000000d7430000, 0x00000000d7430000, 0x00000000d7580000)
 tenured generation   total 27596K, used 17469K [0x00000000e0e00000, 0x00000000e28f3000, 0x00000000f5a00000)
   the space 27596K,  63% used [0x00000000e0e00000, 0x00000000e1f0f718, 0x00000000e1f0f800, 0x00000000e28f3000)
 compacting perm gen  total 24000K, used 23993K [0x00000000f5a00000, 0x00000000f7170000, 0x0000000100000000)
   the space 24000K,  99% used [0x00000000f5a00000, 0x00000000f716e7e0, 0x00000000f716e800, 0x00000000f7170000)
No shared spaces configured.
}
Event: 8.358 GC heap before
{Heap before GC invocations=92 (full 3):
 def new generation   total 12480K, used 12080K [0x00000000d6800000, 0x00000000d7580000, 0x00000000e0e00000)
  eden space 11136K, 100% used [0x00000000d6800000, 0x00000000d72e0000, 0x00000000d72e0000)
  from space 1344K,  70% used [0x00000000d72e0000, 0x00000000d73cc168, 0x00000000d7430000)
  to   space 1344K,   0% used [0x00000000d7430000, 0x00000000d7430000, 0x00000000d7580000)
 tenured generation   total 27596K, used 17469K [0x00000000e0e00000, 0x00000000e28f3000, 0x00000000f5a00000)
   the space 27596K,  63% used [0x00000000e0e00000, 0x00000000e1f0f718, 0x00000000e1f0f800, 0x00000000e28f3000)
 compacting perm gen  total 24320K, used 24118K [0x00000000f5a00000, 0x00000000f71c0000, 0x0000000100000000)
   the space 24320K,  99% used [0x00000000f5a00000, 0x00000000f718d8f8, 0x00000000f718da00, 0x00000000f71c0000)
No shared spaces configured.
Event: 8.366 GC heap after
Heap after GC invocations=93 (full 3):
 def new generation   total 12480K, used 755K [0x00000000d6800000, 0x00000000d7580000, 0x00000000e0e00000)
  eden space 11136K,   0% used [0x00000000d6800000, 0x00000000d6800000, 0x00000000d72e0000)
  from space 1344K,  56% used [0x00000000d7430000, 0x00000000d74ecd18, 0x00000000d7580000)
  to   space 1344K,   0% used [0x00000000d72e0000, 0x00000000d72e0000, 0x00000000d7430000)
 tenured generation   total 27596K, used 18383K [0x00000000e0e00000, 0x00000000e28f3000, 0x00000000f5a00000)
   the space 27596K,  66% used [0x00000000e0e00000, 0x00000000e1ff3f88, 0x00000000e1ff4000, 0x00000000e28f3000)
 compacting perm gen  total 24320K, used 24118K [0x00000000f5a00000, 0x00000000f71c0000, 0x0000000100000000)
   the space 24320K,  99% used [0x00000000f5a00000, 0x00000000f718d8f8, 0x00000000f718da00, 0x00000000f71c0000)
No shared spaces configured.
}
Event: 8.571 GC heap before
{Heap before GC invocations=93 (full 3):
 def new generation   total 12480K, used 11891K [0x00000000d6800000, 0x00000000d7580000, 0x00000000e0e00000)
  eden space 11136K, 100% used [0x00000000d6800000, 0x00000000d72e0000, 0x00000000d72e0000)
  from space 1344K,  56% used [0x00000000d7430000, 0x00000000d74ecd18, 0x00000000d7580000)
  to   space 1344K,   0% used [0x00000000d72e0000, 0x00000000d72e0000, 0x00000000d7430000)
 tenured generation   total 27596K, used 18383K [0x00000000e0e00000, 0x00000000e28f3000, 0x00000000f5a00000)
   the space 27596K,  66% used [0x00000000e0e00000, 0x00000000e1ff3f88, 0x00000000e1ff4000, 0x00000000e28f3000)
 compacting perm gen  total 24320K, used 24234K [0x00000000f5a00000, 0x00000000f71c0000, 0x0000000100000000)
   the space 24320K,  99% used [0x00000000f5a00000, 0x00000000f71aab30, 0x00000000f71aac00, 0x00000000f71c0000)
No shared spaces configured.
Event: 8.580 GC heap after
Heap after GC invocations=94 (full 3):
 def new generation   total 12480K, used 945K [0x00000000d6800000, 0x00000000d7580000, 0x00000000e0e00000)
  eden space 11136K,   0% used [0x00000000d6800000, 0x00000000d6800000, 0x00000000d72e0000)
  from space 1344K,  70% used [0x00000000d72e0000, 0x00000000d73cc780, 0x00000000d7430000)
  to   space 1344K,   0% used [0x00000000d7430000, 0x00000000d7430000, 0x00000000d7580000)
 tenured generation   total 27596K, used 19066K [0x00000000e0e00000, 0x00000000e28f3000, 0x00000000f5a00000)
   the space 27596K,  69% used [0x00000000e0e00000, 0x00000000e209eba0, 0x00000000e209ec00, 0x00000000e28f3000)
 compacting perm gen  total 24320K, used 24234K [0x00000000f5a00000, 0x00000000f71c0000, 0x0000000100000000)
   the space 24320K,  99% used [0x00000000f5a00000, 0x00000000f71aab30, 0x00000000f71aac00, 0x00000000f71c0000)
No shared spaces configured.
}

